<?xml version="1.0" encoding="UTF-8"?>
<testsuite xmlns:xsi="http://www.w3.org/2001/XMLSchema-instance" xsi:noNamespaceSchemaLocation="https://maven.apache.org/surefire/maven-surefire-plugin/xsd/surefire-test-report-3.0.xsd" version="3.0" name="com.example.demo.EBookStoreDiscoveryApplicationTests" time="10.951" tests="1" errors="0" skipped="0" failures="0">
  <properties>
[...]
</properties>
  <testcase name="contextLoads" classname="com.example.demo.EBookStoreDiscoveryApplicationTests" time="1.249">
    <system-out><![CDATA[23:47:48.203 [main] INFO org.springframework.test.context.support.AnnotationConfigContextLoaderUtils -- Could not detect default configuration classes for test class [com.example.demo.EBookStoreDiscoveryApplicationTests]: EBookStoreDiscoveryApplicationTests does not declare any static, non-private, non-final, nested classes annotated with @Configuration.
23:47:48.443 [main] INFO org.springframework.boot.test.context.SpringBootTestContextBootstrapper -- Found @SpringBootConfiguration com.example.demo.EBookStoreDiscoveryApplication for test class com.example.demo.EBookStoreDiscoveryApplicationTests

  .   ____          _            __ _ _
 /\\ / ___'_ __ _ _(_)_ __  __ _ \ \ \ \
( ( )\___ | '_ | '_| | '_ \/ _` | \ \ \ \
 \\/  ___)| |_)| | | | | || (_| |  ) ) ) )
  '  |____| .__|_| |_|_| |_\__, | / / / /
 =========|_|==============|___/=/_/_/_/
 :: Spring Boot ::                (v3.1.2)

2023-07-23T23:47:49.747+05:30  INFO 10396 --- [           main] .e.d.EBookStoreDiscoveryApplicationTests : Starting EBookStoreDiscoveryApplicationTests using Java 17.0.6 with PID 10396 (started by Ameen Sheriff in C:\Users\Ameen Sheriff\Documents\workspace-spring-tool-suite-4-4.17.2.RELEASE\EBookStore-discovery)
2023-07-23T23:47:49.754+05:30  INFO 10396 --- [           main] .e.d.EBookStoreDiscoveryApplicationTests : No active profile set, falling back to 1 default profile: "default"
2023-07-23T23:47:52.396+05:30  INFO 10396 --- [           main] o.s.cloud.context.scope.GenericScope     : BeanFactory id=d1516dd7-7c82-3179-9b10-4c5cc799abb6
2023-07-23T23:47:55.439+05:30  WARN 10396 --- [           main] iguration$LoadBalancerCaffeineWarnLogger : Spring Cloud LoadBalancer is currently working with the default cache. While this cache implementation is useful for development and tests, it's recommended to use Caffeine cache in production.You can switch to using Caffeine cache, by adding it and org.springframework.cache.caffeine.CaffeineCacheManager to the classpath.
2023-07-23T23:47:55.951+05:30  INFO 10396 --- [           main] o.s.c.n.eureka.InstanceInfoFactory       : Setting initial instance status as: STARTING
2023-07-23T23:47:56.026+05:30  INFO 10396 --- [           main] com.netflix.discovery.DiscoveryClient    : Initializing Eureka in region us-east-1
2023-07-23T23:47:56.030+05:30  INFO 10396 --- [           main] com.netflix.discovery.DiscoveryClient    : Client configured to neither register nor query for data.
2023-07-23T23:47:56.050+05:30  INFO 10396 --- [           main] com.netflix.discovery.DiscoveryClient    : Discovery Client initialized at timestamp 1690136276048 with initial instances count: 0
2023-07-23T23:47:56.165+05:30  INFO 10396 --- [           main] c.n.eureka.DefaultEurekaServerContext    : Initializing ...
2023-07-23T23:47:56.171+05:30  INFO 10396 --- [           main] c.n.eureka.cluster.PeerEurekaNodes       : Adding new peer nodes [http://localhost:8761/eureka/]
2023-07-23T23:47:56.598+05:30  INFO 10396 --- [           main] c.n.d.provider.DiscoveryJerseyProvider   : Using JSON encoding codec LegacyJacksonJson
2023-07-23T23:47:56.598+05:30  INFO 10396 --- [           main] c.n.d.provider.DiscoveryJerseyProvider   : Using JSON decoding codec LegacyJacksonJson
2023-07-23T23:47:56.599+05:30  INFO 10396 --- [           main] c.n.d.provider.DiscoveryJerseyProvider   : Using XML encoding codec XStreamXml
2023-07-23T23:47:56.599+05:30  INFO 10396 --- [           main] c.n.d.provider.DiscoveryJerseyProvider   : Using XML decoding codec XStreamXml
2023-07-23T23:47:56.918+05:30  INFO 10396 --- [           main] c.n.eureka.cluster.PeerEurekaNodes       : Replica node URL:  http://localhost:8761/eureka/
2023-07-23T23:47:56.937+05:30  INFO 10396 --- [           main] c.n.e.registry.AbstractInstanceRegistry  : Finished initializing remote region registries. All known remote regions: []
2023-07-23T23:47:56.940+05:30  INFO 10396 --- [           main] c.n.eureka.DefaultEurekaServerContext    : Initialized
2023-07-23T23:47:57.274+05:30  INFO 10396 --- [           main] o.s.b.a.e.web.EndpointLinksResolver      : Exposing 1 endpoint(s) beneath base path '/actuator'
2023-07-23T23:47:57.378+05:30  INFO 10396 --- [           main] o.s.c.n.e.s.EurekaServiceRegistry        : Registering application UNKNOWN with eureka with status UP
2023-07-23T23:47:57.414+05:30  INFO 10396 --- [      Thread-11] o.s.c.n.e.server.EurekaServerBootstrap   : isAws returned false
2023-07-23T23:47:57.416+05:30  INFO 10396 --- [      Thread-11] o.s.c.n.e.server.EurekaServerBootstrap   : Initialized server context
2023-07-23T23:47:57.417+05:30  INFO 10396 --- [      Thread-11] c.n.e.r.PeerAwareInstanceRegistryImpl    : Got 1 instances from neighboring DS node
2023-07-23T23:47:57.417+05:30  INFO 10396 --- [      Thread-11] c.n.e.r.PeerAwareInstanceRegistryImpl    : Renew threshold is: 1
2023-07-23T23:47:57.417+05:30  INFO 10396 --- [      Thread-11] c.n.e.r.PeerAwareInstanceRegistryImpl    : Changing status to UP
2023-07-23T23:47:57.422+05:30  INFO 10396 --- [           main] .e.d.EBookStoreDiscoveryApplicationTests : Started EBookStoreDiscoveryApplicationTests in 8.626 seconds (process running for 11.217)
2023-07-23T23:47:57.445+05:30  INFO 10396 --- [      Thread-11] e.s.EurekaServerInitializerConfiguration : Started Eureka Server
]]></system-out>
  </testcase>
</testsuite>