<?xml version="1.0" encoding="UTF-8"?>
<testsuite xmlns:xsi="http://www.w3.org/2001/XMLSchema-instance" xsi:noNamespaceSchemaLocation="https://maven.apache.org/surefire/maven-surefire-plugin/xsd/surefire-test-report-3.0.xsd" version="3.0" name="com.example.demo.EBookStoreApplicationTests" time="9.693" tests="1" errors="0" skipped="0" failures="0">
  <properties>
[...]
</properties>
  <testcase name="contextLoads" classname="com.example.demo.EBookStoreApplicationTests" time="0.233">
    <system-out><![CDATA[11:19:17.049 [main] INFO org.springframework.test.context.support.AnnotationConfigContextLoaderUtils -- Could not detect default configuration classes for test class [com.example.demo.EBookStoreApplicationTests]: EBookStoreApplicationTests does not declare any static, non-private, non-final, nested classes annotated with @Configuration.
11:19:17.189 [main] INFO org.springframework.boot.test.context.SpringBootTestContextBootstrapper -- Found @SpringBootConfiguration com.example.demo.EBookStoreApplication for test class com.example.demo.EBookStoreApplicationTests

  .   ____          _            __ _ _
 /\\ / ___'_ __ _ _(_)_ __  __ _ \ \ \ \
( ( )\___ | '_ | '_| | '_ \/ _` | \ \ \ \
 \\/  ___)| |_)| | | | | || (_| |  ) ) ) )
  '  |____| .__|_| |_|_| |_\__, | / / / /
 =========|_|==============|___/=/_/_/_/
 :: Spring Boot ::                (v3.1.2)

2023-07-24T11:19:17.972+05:30  INFO 20704 --- [           main] c.e.demo.EBookStoreApplicationTests      : Starting EBookStoreApplicationTests using Java 17.0.6 with PID 20704 (started by Ameen Sheriff in C:\Users\Ameen Sheriff\Documents\workspace-spring-tool-suite-4-4.17.2.RELEASE\EBookStore)
2023-07-24T11:19:17.975+05:30  INFO 20704 --- [           main] c.e.demo.EBookStoreApplicationTests      : No active profile set, falling back to 1 default profile: "default"
2023-07-24T11:19:19.056+05:30  INFO 20704 --- [           main] .s.d.r.c.RepositoryConfigurationDelegate : Bootstrapping Spring Data JPA repositories in DEFAULT mode.
2023-07-24T11:19:19.333+05:30  INFO 20704 --- [           main] .s.d.r.c.RepositoryConfigurationDelegate : Finished Spring Data repository scanning in 260 ms. Found 7 JPA repository interfaces.
2023-07-24T11:19:19.762+05:30  INFO 20704 --- [           main] o.s.cloud.context.scope.GenericScope     : BeanFactory id=a6e66cbe-a15c-32e4-bc00-67209d0b4d27
2023-07-24T11:19:20.263+05:30  INFO 20704 --- [           main] o.hibernate.jpa.internal.util.LogHelper  : HHH000204: Processing PersistenceUnitInfo [name: default]
2023-07-24T11:19:20.392+05:30  INFO 20704 --- [           main] org.hibernate.Version                    : HHH000412: Hibernate ORM core version 6.2.6.Final
2023-07-24T11:19:20.398+05:30  INFO 20704 --- [           main] org.hibernate.cfg.Environment            : HHH000406: Using bytecode reflection optimizer
2023-07-24T11:19:20.738+05:30  INFO 20704 --- [           main] o.h.b.i.BytecodeProviderInitiator        : HHH000021: Bytecode provider name : bytebuddy
2023-07-24T11:19:21.002+05:30  INFO 20704 --- [           main] o.s.o.j.p.SpringPersistenceUnitInfo      : No LoadTimeWeaver setup: ignoring JPA class transformer
2023-07-24T11:19:21.032+05:30  INFO 20704 --- [           main] com.zaxxer.hikari.HikariDataSource       : HikariPool-1 - Starting...
2023-07-24T11:19:21.542+05:30  INFO 20704 --- [           main] com.zaxxer.hikari.pool.HikariPool        : HikariPool-1 - Added connection com.mysql.cj.jdbc.ConnectionImpl@1f75fd1d
2023-07-24T11:19:21.548+05:30  INFO 20704 --- [           main] com.zaxxer.hikari.HikariDataSource       : HikariPool-1 - Start completed.
2023-07-24T11:19:21.621+05:30  WARN 20704 --- [           main] org.hibernate.orm.deprecation            : HHH90000026: MySQL8Dialect has been deprecated; use org.hibernate.dialect.MySQLDialect instead
2023-07-24T11:19:22.085+05:30  INFO 20704 --- [           main] o.h.b.i.BytecodeProviderInitiator        : HHH000021: Bytecode provider name : bytebuddy
2023-07-24T11:19:23.006+05:30  INFO 20704 --- [           main] o.h.e.t.j.p.i.JtaPlatformInitiator       : HHH000490: Using JtaPlatform implementation: [org.hibernate.engine.transaction.jta.platform.internal.NoJtaPlatform]
2023-07-24T11:19:23.353+05:30  INFO 20704 --- [           main] j.LocalContainerEntityManagerFactoryBean : Initialized JPA EntityManagerFactory for persistence unit 'default'
2023-07-24T11:19:24.013+05:30  INFO 20704 --- [           main] o.s.d.j.r.query.QueryEnhancerFactory     : Hibernate is in classpath; If applicable, HQL parser will be used.
2023-07-24T11:19:24.462+05:30  WARN 20704 --- [           main] JpaBaseConfiguration$JpaWebConfiguration : spring.jpa.open-in-view is enabled by default. Therefore, database queries may be performed during view rendering. Explicitly configure spring.jpa.open-in-view to disable this warning
2023-07-24T11:19:24.605+05:30  INFO 20704 --- [           main] o.s.s.web.DefaultSecurityFilterChain     : Will secure any request with [org.springframework.security.web.session.DisableEncodeUrlFilter@780e6b63, org.springframework.security.web.context.request.async.WebAsyncManagerIntegrationFilter@51b1732d, org.springframework.security.web.context.SecurityContextHolderFilter@33012e6f, org.springframework.security.web.header.HeaderWriterFilter@753b6846, org.springframework.web.filter.CorsFilter@65b639e1, org.springframework.security.web.authentication.logout.LogoutFilter@9930ff6, com.example.demo.config.JwtAuthenticationFilter@347f0950, org.springframework.security.web.savedrequest.RequestCacheAwareFilter@4086e003, org.springframework.security.web.servletapi.SecurityContextHolderAwareRequestFilter@1934a7c1, org.springframework.security.web.authentication.AnonymousAuthenticationFilter@3e668743, org.springframework.security.web.session.SessionManagementFilter@197bf5ef, org.springframework.security.web.access.ExceptionTranslationFilter@2a6b6f4, org.springframework.security.web.access.intercept.AuthorizationFilter@6a9861de]
2023-07-24T11:19:25.405+05:30  INFO 20704 --- [           main] DiscoveryClientOptionalArgsConfiguration : Eureka HTTP Client uses RestTemplate.
2023-07-24T11:19:25.586+05:30  WARN 20704 --- [           main] iguration$LoadBalancerCaffeineWarnLogger : Spring Cloud LoadBalancer is currently working with the default cache. While this cache implementation is useful for development and tests, it's recommended to use Caffeine cache in production.You can switch to using Caffeine cache, by adding it and org.springframework.cache.caffeine.CaffeineCacheManager to the classpath.
2023-07-24T11:19:25.612+05:30  INFO 20704 --- [           main] o.s.c.n.eureka.InstanceInfoFactory       : Setting initial instance status as: STARTING
2023-07-24T11:19:25.716+05:30  INFO 20704 --- [           main] com.netflix.discovery.DiscoveryClient    : Initializing Eureka in region us-east-1
2023-07-24T11:19:25.725+05:30  INFO 20704 --- [           main] c.n.d.s.r.aws.ConfigClusterResolver      : Resolving eureka endpoints via configuration
2023-07-24T11:19:25.756+05:30  INFO 20704 --- [           main] com.netflix.discovery.DiscoveryClient    : Disable delta property : false
2023-07-24T11:19:25.756+05:30  INFO 20704 --- [           main] com.netflix.discovery.DiscoveryClient    : Single vip registry refresh property : null
2023-07-24T11:19:25.756+05:30  INFO 20704 --- [           main] com.netflix.discovery.DiscoveryClient    : Force full registry fetch : false
2023-07-24T11:19:25.756+05:30  INFO 20704 --- [           main] com.netflix.discovery.DiscoveryClient    : Application is null : false
2023-07-24T11:19:25.756+05:30  INFO 20704 --- [           main] com.netflix.discovery.DiscoveryClient    : Registered Applications size is zero : true
2023-07-24T11:19:25.756+05:30  INFO 20704 --- [           main] com.netflix.discovery.DiscoveryClient    : Application version is -1: true
2023-07-24T11:19:25.756+05:30  INFO 20704 --- [           main] com.netflix.discovery.DiscoveryClient    : Getting all instance registry info from the eureka server
2023-07-24T11:19:26.226+05:30  INFO 20704 --- [           main] com.netflix.discovery.DiscoveryClient    : The response status is 200
2023-07-24T11:19:26.230+05:30  INFO 20704 --- [           main] com.netflix.discovery.DiscoveryClient    : Starting heartbeat executor: renew interval is: 30
2023-07-24T11:19:26.234+05:30  INFO 20704 --- [           main] c.n.discovery.InstanceInfoReplicator     : InstanceInfoReplicator onDemand update allowed rate per min is 4
2023-07-24T11:19:26.242+05:30  INFO 20704 --- [           main] com.netflix.discovery.DiscoveryClient    : Discovery Client initialized at timestamp 1690177766241 with initial instances count: 1
2023-07-24T11:19:26.247+05:30  INFO 20704 --- [           main] o.s.c.n.e.s.EurekaServiceRegistry        : Registering application USER-SERVICE with eureka with status UP
2023-07-24T11:19:26.248+05:30  INFO 20704 --- [           main] com.netflix.discovery.DiscoveryClient    : Saw local status change event StatusChangeEvent [timestamp=1690177766248, current=UP, previous=STARTING]
2023-07-24T11:19:26.251+05:30  INFO 20704 --- [nfoReplicator-0] com.netflix.discovery.DiscoveryClient    : DiscoveryClient_USER-SERVICE/LAPTOP-FSOF0B1I:USER-SERVICE:8081: registering service...
2023-07-24T11:19:26.261+05:30  INFO 20704 --- [           main] c.e.demo.EBookStoreApplicationTests      : Started EBookStoreApplicationTests in 8.85 seconds (process running for 10.625)
2023-07-24T11:19:26.303+05:30  INFO 20704 --- [nfoReplicator-0] com.netflix.discovery.DiscoveryClient    : DiscoveryClient_USER-SERVICE/LAPTOP-FSOF0B1I:USER-SERVICE:8081 - registration status: 204
]]></system-out>
  </testcase>
</testsuite>